[2025-07-17_22-31-47] Starting Rocket server...
[2025-07-17_23-00-26] Starting Rocket server...
[2025-07-17_23-26-22] Starting Rocket server...
[2025-07-17 23:26:24] Rocket exited with code 0
>>> Last 10 lines of log:
WebSocket listening on ws://0.0.0.0:34093
Rocket has launched from http://0.0.0.0:41565
Warning: Received SIGINT. Requesting shutdown.
[2025-07-17_23-26-26] Starting Rocket server...
[2025-07-17 23:26:27] Rocket exited with code 0
>>> Last 10 lines of log:
WebSocket listening on ws://0.0.0.0:34093
Rocket has launched from http://0.0.0.0:41565
Warning: Received SIGINT. Requesting shutdown.
[2025-07-17_23-26-32] Starting Rocket server...
[2025-07-17_23-35-30] Starting Rocket server...
[2025-07-19_16-25-32] Starting Rocket server...
[2025-07-19_16-27-45] Starting Rocket server...
[2025-07-19_20-00-55] Starting Rocket server...
[2025-07-19_20-08-00] Starting Rocket server...
[2025-07-19_20-44-55] Starting Rocket server...
[2025-07-19 21:00:43] Rocket exited with code 0
>>> Last 10 lines of log:
WebSocket listening on ws://0.0.0.0:34093
Rocket has launched from http://0.0.0.0:41565
Attempting login for user: youssef
User youssef found. Stored hash: $argon2id$v=19$m=19456,t=2,p=1$uJLI2bQBzVcW01aCUm7Brw$601JtVUFB6J4yQQD3XWjG6xrr2DJOIV27RgCzl6OJZw
Password verification successful for youssef
WebSocket auth OK for user: youssef
   >> Request contains a form that will not be processed.
Error saving file: Os { code: 18, kind: CrossesDevices, message: "Invalid cross-device link" }
[2025-07-19_21-00-45] Starting Rocket server...
[2025-07-19 21:19:36] Rocket exited with code 0
>>> Last 10 lines of log:
User youssef found. Stored hash: $argon2id$v=19$m=19456,t=2,p=1$uJLI2bQBzVcW01aCUm7Brw$601JtVUFB6J4yQQD3XWjG6xrr2DJOIV27RgCzl6OJZw
Password verification successful for youssef
WebSocket auth OK for user: youssef
   >> Request contains a form that will not be processed.
Attempting login for user: youssef
User youssef found. Stored hash: $argon2id$v=19$m=19456,t=2,p=1$uJLI2bQBzVcW01aCUm7Brw$601JtVUFB6J4yQQD3XWjG6xrr2DJOIV27RgCzl6OJZw
Password verification successful for youssef
WebSocket auth OK for user: youssef
   >> Request contains a form that will not be processed.
Warning: Received SIGTERM. Requesting shutdown.
[2025-07-19_21-19-38] Starting Rocket server...
[2025-07-20 06:53:01] Rocket exited with code 0
>>> Last 10 lines of log:
User youssef found. Stored hash: $argon2id$v=19$m=19456,t=2,p=1$uJLI2bQBzVcW01aCUm7Brw$601JtVUFB6J4yQQD3XWjG6xrr2DJOIV27RgCzl6OJZw
Password verification successful for youssef
WebSocket auth OK for user: youssef
   >> Request contains a form that will not be processed.
Received Content-Type: multipart/form-data; boundary=edef624d5f3662e0-0daa36e6858ec5e1-d9c047bd339804ac-c3b4c15f7ce7a79a
Persisted file start (first 500 bytes): [45, 45, 101, 100, 101, 102, 54, 50, 52, 100, 53, 102, 51, 54, 54, 50, 101, 48, 45, 48, 100, 97, 97, 51, 54, 101, 54, 56, 53, 56, 101, 99, 53, 101, 49, 45, 100, 57, 99, 48, 52, 55, 98, 100, 51, 51, 57, 56, 48, 52, 97, 99, 45, 99, 51, 98, 52, 99, 49, 53, 102, 55, 99, 101, 55, 97, 55, 57, 97, 13, 10, 67, 111, 110, 116, 101, 110, 116, 45, 68, 105, 115, 112, 111, 115, 105, 116, 105, 111, 110, 58, 32, 102, 111, 114, 109, 45, 100, 97, 116, 97, 59, 32, 110, 97, 109, 101, 61, 34, 102, 105, 108, 101, 34, 59, 32, 102, 105, 108, 101, 110, 97, 109, 101, 61, 34, 112, 102, 112, 46, 106, 112, 103, 34, 13, 10, 13, 10, 255, 216, 255, 224, 0, 16, 74, 70, 73, 70, 0, 1, 1, 0, 0, 1, 0, 1, 0, 0, 255, 226, 2, 40, 73, 67, 67, 95, 80, 82, 79, 70, 73, 76, 69, 0, 1, 1, 0, 0, 2, 24, 0, 0, 0, 0, 2, 16, 0, 0, 109, 110, 116, 114, 82, 71, 66, 32, 88, 89, 90, 32, 0, 0, 0, 0, 0, 0, 0, 0, 0, 0, 0, 0, 97, 99, 115, 112, 0, 0, 0, 0, 0, 0, 0, 0, 0, 0, 0, 0, 0, 0, 0, 0, 0, 0, 0, 0, 0, 0, 0, 0, 0, 0, 0, 1, 0, 0, 246, 214, 0, 1, 0, 0, 0, 0, 211, 45, 0, 0, 0, 0, 0, 0, 0, 0, 0, 0, 0, 0, 0, 0, 0, 0, 0, 0, 0, 0, 0, 0, 0, 0, 0, 0, 0, 0, 0, 0, 0, 0, 0, 0, 0, 0, 0, 0, 0, 0, 0, 0, 0, 0, 0, 0, 0, 0, 0, 0, 0, 9, 100, 101, 115, 99, 0, 0, 0, 240, 0, 0, 0, 116, 114, 88, 89, 90, 0, 0, 1, 100, 0, 0, 0, 20, 103, 88, 89, 90, 0, 0, 1, 120, 0, 0, 0, 20, 98, 88, 89, 90, 0, 0, 1, 140, 0, 0, 0, 20, 114, 84, 82, 67, 0, 0, 1, 160, 0, 0, 0, 40, 103, 84, 82, 67, 0, 0, 1, 160, 0, 0, 0, 40, 98, 84, 82, 67, 0, 0, 1, 160, 0, 0, 0, 40, 119, 116, 112, 116, 0, 0, 1, 200, 0, 0, 0, 20, 99, 112, 114, 116, 0, 0, 1, 220, 0, 0, 0, 60, 109, 108, 117, 99, 0, 0, 0, 0, 0, 0, 0, 1, 0, 0, 0, 12, 101, 110, 85, 83, 0, 0, 0, 88, 0, 0, 0, 28, 0, 115, 0, 82, 0, 71, 0, 66, 0, 0, 0, 0, 0, 0, 0, 0, 0, 0, 0, 0, 0, 0, 0, 0, 0, 0, 0, 0, 0, 0, 0, 0, 0, 0, 0, 0, 0, 0, 0, 0, 0, 0, 0, 0, 0, 0, 0, 0, 0, 0, 0, 0, 0, 0, 0, 0]
Registering user: E, Hashed Password: $argon2id$v=19$m=19456,t=2,p=1$WZjU27Nbna24Wwj+Pza6HQ$AkpzvC+C17kXqRceHKjJapkbyQjh1hzhcak+atiQyV0
WebSocket auth OK for user: E
   >> No 404 catcher registered. Using Rocket default.
Warning: Received SIGTERM. Requesting shutdown.
[2025-07-20_06-53-03] Starting Rocket server...
[2025-07-20 07:36:58] Rocket exited with code 0
>>> Last 10 lines of log:
Registering user: youssef, Hashed Password: $argon2id$v=19$m=19456,t=2,p=1$tY3FFoj0o2ZdQJvQOaQjXA$UTY/g9QGDgjcoTo5mu+UGKPAO+2k+v+C6+gYrWQN/fk
WebSocket auth OK for user: youssef
   >> Request contains a form that will not be processed.
   >> Request contains a form that will not be processed.
Attempting login for user: youssef
User youssef found. Stored hash: $argon2id$v=19$m=19456,t=2,p=1$tY3FFoj0o2ZdQJvQOaQjXA$UTY/g9QGDgjcoTo5mu+UGKPAO+2k+v+C6+gYrWQN/fk
Password verification successful for youssef
WebSocket auth OK for user: youssef
   >> Request contains a form that will not be processed.
Warning: Received SIGTERM. Requesting shutdown.
[2025-07-20_07-37-00] Starting Rocket server...
[2025-07-20 10:00:35] Rocket exited with code 0
>>> Last 10 lines of log:
Attempting login for user: youssef
User youssef found. Stored hash: $argon2id$v=19$m=19456,t=2,p=1$tY3FFoj0o2ZdQJvQOaQjXA$UTY/g9QGDgjcoTo5mu+UGKPAO+2k+v+C6+gYrWQN/fk
Password verification successful for youssef
WebSocket auth OK for user: youssef
Attempting login for user: youssef
User youssef found. Stored hash: $argon2id$v=19$m=19456,t=2,p=1$tY3FFoj0o2ZdQJvQOaQjXA$UTY/g9QGDgjcoTo5mu+UGKPAO+2k+v+C6+gYrWQN/fk
Password verification successful for youssef
WebSocket auth OK for user: youssef
   >> Request contains a form that will not be processed.
Warning: Received SIGTERM. Requesting shutdown.
[2025-07-20_10-00-37] Starting Rocket server...
