WebSocket listening on ws://0.0.0.0:34093
Rocket has launched from http://0.0.0.0:41565
Attempting login for user: youssef
User youssef found. Stored hash: $argon2id$v=19$m=19456,t=2,p=1$3yT8frrR4Az+XePK5XCQwA$8mKN7GnjdDIVLTkusy/x8nByWqZXK0i0du7sDZNq1fk
Password verification successful for youssef
WebSocket auth OK for user: youssef
Attempting login for user: test1234
User test1234 found. Stored hash: $argon2id$v=19$m=19456,t=2,p=1$X7Dl+Qe7g+RoZYBUXiKxZw$z5L8sJIx2D0FpSAeJVo3+BWAT23PiEzS0begBpmyo6k
Password verification successful for test1234
WebSocket auth OK for user: test1234
Attempting login for user: test1234
User test1234 found. Stored hash: $argon2id$v=19$m=19456,t=2,p=1$X7Dl+Qe7g+RoZYBUXiKxZw$z5L8sJIx2D0FpSAeJVo3+BWAT23PiEzS0begBpmyo6k
Password verification successful for test1234
Attempting login for user: youssef
User youssef found. Stored hash: $argon2id$v=19$m=19456,t=2,p=1$3yT8frrR4Az+XePK5XCQwA$8mKN7GnjdDIVLTkusy/x8nByWqZXK0i0du7sDZNq1fk
Password verification successful for youssef
WebSocket auth OK for user: test1234
WebSocket auth OK for user: youssef
Attempting login for user: test1234
User test1234 found. Stored hash: $argon2id$v=19$m=19456,t=2,p=1$X7Dl+Qe7g+RoZYBUXiKxZw$z5L8sJIx2D0FpSAeJVo3+BWAT23PiEzS0begBpmyo6k
Password verification successful for test1234
WebSocket auth OK for user: test1234
Attempting login for user: youssef
User youssef found. Stored hash: $argon2id$v=19$m=19456,t=2,p=1$3yT8frrR4Az+XePK5XCQwA$8mKN7GnjdDIVLTkusy/x8nByWqZXK0i0du7sDZNq1fk
Password verification successful for youssef
WebSocket auth OK for user: youssef
Attempting login for user: youssef
User youssef found. Stored hash: $argon2id$v=19$m=19456,t=2,p=1$3yT8frrR4Az+XePK5XCQwA$8mKN7GnjdDIVLTkusy/x8nByWqZXK0i0du7sDZNq1fk
Password verification successful for youssef
WebSocket auth OK for user: youssef
Attempting login for user: youssef
User youssef found. Stored hash: $argon2id$v=19$m=19456,t=2,p=1$3yT8frrR4Az+XePK5XCQwA$8mKN7GnjdDIVLTkusy/x8nByWqZXK0i0du7sDZNq1fk
Password verification successful for youssef
WebSocket auth OK for user: youssef
Attempting login for user: test1234
User test1234 found. Stored hash: $argon2id$v=19$m=19456,t=2,p=1$X7Dl+Qe7g+RoZYBUXiKxZw$z5L8sJIx2D0FpSAeJVo3+BWAT23PiEzS0begBpmyo6k
Password verification successful for test1234
WebSocket auth OK for user: test1234
Attempting login for user: test1234
User test1234 found. Stored hash: $argon2id$v=19$m=19456,t=2,p=1$X7Dl+Qe7g+RoZYBUXiKxZw$z5L8sJIx2D0FpSAeJVo3+BWAT23PiEzS0begBpmyo6k
Password verification successful for test1234
WebSocket auth OK for user: test1234
Attempting login for user: youssef
User youssef found. Stored hash: $argon2id$v=19$m=19456,t=2,p=1$3yT8frrR4Az+XePK5XCQwA$8mKN7GnjdDIVLTkusy/x8nByWqZXK0i0du7sDZNq1fk
Password verification successful for youssef
WebSocket auth OK for user: youssef
Attempting login for user: youssef
User youssef found. Stored hash: $argon2id$v=19$m=19456,t=2,p=1$3yT8frrR4Az+XePK5XCQwA$8mKN7GnjdDIVLTkusy/x8nByWqZXK0i0du7sDZNq1fk
Password verification successful for youssef
WebSocket auth OK for user: youssef
Attempting login for user: test1234
User test1234 found. Stored hash: $argon2id$v=19$m=19456,t=2,p=1$X7Dl+Qe7g+RoZYBUXiKxZw$z5L8sJIx2D0FpSAeJVo3+BWAT23PiEzS0begBpmyo6k
Password verification successful for test1234
WebSocket auth OK for user: test1234
Attempting login for user: youssef
User youssef found. Stored hash: $argon2id$v=19$m=19456,t=2,p=1$3yT8frrR4Az+XePK5XCQwA$8mKN7GnjdDIVLTkusy/x8nByWqZXK0i0du7sDZNq1fk
Password verification successful for youssef
WebSocket auth OK for user: youssef
Attempting login for user: youssef
User youssef found. Stored hash: $argon2id$v=19$m=19456,t=2,p=1$3yT8frrR4Az+XePK5XCQwA$8mKN7GnjdDIVLTkusy/x8nByWqZXK0i0du7sDZNq1fk
Password verification successful for youssef
WebSocket auth OK for user: youssef
Attempting login for user: youssef
User youssef found. Stored hash: $argon2id$v=19$m=19456,t=2,p=1$3yT8frrR4Az+XePK5XCQwA$8mKN7GnjdDIVLTkusy/x8nByWqZXK0i0du7sDZNq1fk
Password verification successful for youssef
Attempting login for user: test1234
User test1234 found. Stored hash: $argon2id$v=19$m=19456,t=2,p=1$X7Dl+Qe7g+RoZYBUXiKxZw$z5L8sJIx2D0FpSAeJVo3+BWAT23PiEzS0begBpmyo6k
Password verification successful for test1234
WebSocket auth OK for user: test1234
WebSocket auth OK for user: youssef
Attempting login for user: youssef
User youssef found. Stored hash: $argon2id$v=19$m=19456,t=2,p=1$3yT8frrR4Az+XePK5XCQwA$8mKN7GnjdDIVLTkusy/x8nByWqZXK0i0du7sDZNq1fk
Password verification successful for youssef
WebSocket auth OK for user: youssef
Attempting login for user: youssef
User youssef found. Stored hash: $argon2id$v=19$m=19456,t=2,p=1$3yT8frrR4Az+XePK5XCQwA$8mKN7GnjdDIVLTkusy/x8nByWqZXK0i0du7sDZNq1fk
Password verification successful for youssef
WebSocket auth OK for user: youssef
Attempting login for user: test1234
User test1234 found. Stored hash: $argon2id$v=19$m=19456,t=2,p=1$X7Dl+Qe7g+RoZYBUXiKxZw$z5L8sJIx2D0FpSAeJVo3+BWAT23PiEzS0begBpmyo6k
Password verification successful for test1234
WebSocket auth OK for user: test1234
Attempting login for user: youssef
User youssef found. Stored hash: $argon2id$v=19$m=19456,t=2,p=1$3yT8frrR4Az+XePK5XCQwA$8mKN7GnjdDIVLTkusy/x8nByWqZXK0i0du7sDZNq1fk
Password verification successful for youssef
Attempting login for user: test1234
User test1234 found. Stored hash: $argon2id$v=19$m=19456,t=2,p=1$X7Dl+Qe7g+RoZYBUXiKxZw$z5L8sJIx2D0FpSAeJVo3+BWAT23PiEzS0begBpmyo6k
Password verification successful for test1234
WebSocket auth OK for user: test1234
WebSocket auth OK for user: youssef
Attempting login for user: youssef
User youssef found. Stored hash: $argon2id$v=19$m=19456,t=2,p=1$3yT8frrR4Az+XePK5XCQwA$8mKN7GnjdDIVLTkusy/x8nByWqZXK0i0du7sDZNq1fk
Password verification successful for youssef
WebSocket auth OK for user: youssef
Attempting login for user: youssef
User youssef found. Stored hash: $argon2id$v=19$m=19456,t=2,p=1$3yT8frrR4Az+XePK5XCQwA$8mKN7GnjdDIVLTkusy/x8nByWqZXK0i0du7sDZNq1fk
Password verification successful for youssef
WebSocket auth OK for user: youssef
Attempting login for user: test1234
User test1234 found. Stored hash: $argon2id$v=19$m=19456,t=2,p=1$X7Dl+Qe7g+RoZYBUXiKxZw$z5L8sJIx2D0FpSAeJVo3+BWAT23PiEzS0begBpmyo6k
Password verification successful for test1234
WebSocket auth OK for user: test1234
Attempting login for user: youssef
User youssef found. Stored hash: $argon2id$v=19$m=19456,t=2,p=1$3yT8frrR4Az+XePK5XCQwA$8mKN7GnjdDIVLTkusy/x8nByWqZXK0i0du7sDZNq1fk
Password verification successful for youssef
WebSocket auth OK for user: youssef
Attempting login for user: youssef
User youssef found. Stored hash: $argon2id$v=19$m=19456,t=2,p=1$3yT8frrR4Az+XePK5XCQwA$8mKN7GnjdDIVLTkusy/x8nByWqZXK0i0du7sDZNq1fk
Password verification successful for youssef
WebSocket auth OK for user: youssef
Attempting login for user: youssef
User youssef found. Stored hash: $argon2id$v=19$m=19456,t=2,p=1$3yT8frrR4Az+XePK5XCQwA$8mKN7GnjdDIVLTkusy/x8nByWqZXK0i0du7sDZNq1fk
Password verification successful for youssef
WebSocket auth OK for user: youssef
Attempting login for user: youssef
User youssef found. Stored hash: $argon2id$v=19$m=19456,t=2,p=1$3yT8frrR4Az+XePK5XCQwA$8mKN7GnjdDIVLTkusy/x8nByWqZXK0i0du7sDZNq1fk
Password verification successful for youssef
WebSocket auth OK for user: youssef
Attempting login for user: youssef
User youssef found. Stored hash: $argon2id$v=19$m=19456,t=2,p=1$3yT8frrR4Az+XePK5XCQwA$8mKN7GnjdDIVLTkusy/x8nByWqZXK0i0du7sDZNq1fk
Password verification successful for youssef
WebSocket auth OK for user: youssef
Attempting login for user: youssef
User youssef found. Stored hash: $argon2id$v=19$m=19456,t=2,p=1$3yT8frrR4Az+XePK5XCQwA$8mKN7GnjdDIVLTkusy/x8nByWqZXK0i0du7sDZNq1fk
Password verification successful for youssef
WebSocket auth OK for user: youssef
Attempting login for user: youssef
User youssef found. Stored hash: $argon2id$v=19$m=19456,t=2,p=1$3yT8frrR4Az+XePK5XCQwA$8mKN7GnjdDIVLTkusy/x8nByWqZXK0i0du7sDZNq1fk
Password verification successful for youssef
Attempting login for user: test1234
User test1234 found. Stored hash: $argon2id$v=19$m=19456,t=2,p=1$X7Dl+Qe7g+RoZYBUXiKxZw$z5L8sJIx2D0FpSAeJVo3+BWAT23PiEzS0begBpmyo6k
Password verification successful for test1234
WebSocket auth OK for user: youssef
WebSocket auth OK for user: test1234
   >> No matching routes for GET /.
   >> No 404 catcher registered. Using Rocket default.
   >> No matching routes for GET /.well-known/security.txt.
   >> No 404 catcher registered. Using Rocket default.
Attempting login for user: youssef
User youssef found. Stored hash: $argon2id$v=19$m=19456,t=2,p=1$3yT8frrR4Az+XePK5XCQwA$8mKN7GnjdDIVLTkusy/x8nByWqZXK0i0du7sDZNq1fk
Password verification successful for youssef
WebSocket auth OK for user: youssef
Attempting login for user: youssef
User youssef found. Stored hash: $argon2id$v=19$m=19456,t=2,p=1$3yT8frrR4Az+XePK5XCQwA$8mKN7GnjdDIVLTkusy/x8nByWqZXK0i0du7sDZNq1fk
Password verification successful for youssef
WebSocket auth OK for user: youssef
   >> No matching routes for GET /.
   >> No 404 catcher registered. Using Rocket default.
Attempting login for user: youssef
User youssef found. Stored hash: $argon2id$v=19$m=19456,t=2,p=1$3yT8frrR4Az+XePK5XCQwA$8mKN7GnjdDIVLTkusy/x8nByWqZXK0i0du7sDZNq1fk
Password verification successful for youssef
WebSocket auth OK for user: youssef
Attempting login for user: youssef
User youssef found. Stored hash: $argon2id$v=19$m=19456,t=2,p=1$3yT8frrR4Az+XePK5XCQwA$8mKN7GnjdDIVLTkusy/x8nByWqZXK0i0du7sDZNq1fk
Password verification successful for youssef
WebSocket auth OK for user: youssef
Attempting login for user: youssef
User youssef found. Stored hash: $argon2id$v=19$m=19456,t=2,p=1$3yT8frrR4Az+XePK5XCQwA$8mKN7GnjdDIVLTkusy/x8nByWqZXK0i0du7sDZNq1fk
Password verification successful for youssef
WebSocket auth OK for user: youssef
Attempting login for user: youssef
User youssef found. Stored hash: $argon2id$v=19$m=19456,t=2,p=1$3yT8frrR4Az+XePK5XCQwA$8mKN7GnjdDIVLTkusy/x8nByWqZXK0i0du7sDZNq1fk
Password verification successful for youssef
Attempting login for user: test1234
User test1234 found. Stored hash: $argon2id$v=19$m=19456,t=2,p=1$X7Dl+Qe7g+RoZYBUXiKxZw$z5L8sJIx2D0FpSAeJVo3+BWAT23PiEzS0begBpmyo6k
Password verification successful for test1234
WebSocket auth OK for user: test1234
WebSocket auth OK for user: youssef
   >> No matching routes for GET /.git/config.
   >> No 404 catcher registered. Using Rocket default.
Attempting login for user: youssef
User youssef found. Stored hash: $argon2id$v=19$m=19456,t=2,p=1$3yT8frrR4Az+XePK5XCQwA$8mKN7GnjdDIVLTkusy/x8nByWqZXK0i0du7sDZNq1fk
Password verification successful for youssef
WebSocket auth OK for user: youssef
Attempting login for user: youssef
User youssef found. Stored hash: $argon2id$v=19$m=19456,t=2,p=1$3yT8frrR4Az+XePK5XCQwA$8mKN7GnjdDIVLTkusy/x8nByWqZXK0i0du7sDZNq1fk
Password verification successful for youssef
WebSocket auth OK for user: youssef
Attempting login for user: youssef
User youssef found. Stored hash: $argon2id$v=19$m=19456,t=2,p=1$3yT8frrR4Az+XePK5XCQwA$8mKN7GnjdDIVLTkusy/x8nByWqZXK0i0du7sDZNq1fk
Password verification successful for youssef
WebSocket auth OK for user: youssef
Attempting login for user: youssef
User youssef found. Stored hash: $argon2id$v=19$m=19456,t=2,p=1$3yT8frrR4Az+XePK5XCQwA$8mKN7GnjdDIVLTkusy/x8nByWqZXK0i0du7sDZNq1fk
Password verification successful for youssef
WebSocket auth OK for user: youssef
Attempting login for user: youssef
User youssef found. Stored hash: $argon2id$v=19$m=19456,t=2,p=1$3yT8frrR4Az+XePK5XCQwA$8mKN7GnjdDIVLTkusy/x8nByWqZXK0i0du7sDZNq1fk
Password verification successful for youssef
WebSocket auth OK for user: youssef
Attempting login for user: youssef
User youssef found. Stored hash: $argon2id$v=19$m=19456,t=2,p=1$3yT8frrR4Az+XePK5XCQwA$8mKN7GnjdDIVLTkusy/x8nByWqZXK0i0du7sDZNq1fk
Password verification successful for youssef
WebSocket auth OK for user: youssef
Attempting login for user: youssef
User youssef found. Stored hash: $argon2id$v=19$m=19456,t=2,p=1$3yT8frrR4Az+XePK5XCQwA$8mKN7GnjdDIVLTkusy/x8nByWqZXK0i0du7sDZNq1fk
Password verification successful for youssef
WebSocket auth OK for user: youssef
Attempting login for user: youssef
User youssef found. Stored hash: $argon2id$v=19$m=19456,t=2,p=1$3yT8frrR4Az+XePK5XCQwA$8mKN7GnjdDIVLTkusy/x8nByWqZXK0i0du7sDZNq1fk
Password verification successful for youssef
WebSocket auth OK for user: youssef
Registering user: soufiane lmouden, Hashed Password: $argon2id$v=19$m=19456,t=2,p=1$o6EuzlVrfOnfQEAcpQuhfA$iPBxwxtC9dmqdP8V78odQYClKzuIkyihCERuyJfoHmU
WebSocket auth OK for user: soufiane lmouden
Attempting login for user: youssef
User youssef found. Stored hash: $argon2id$v=19$m=19456,t=2,p=1$3yT8frrR4Az+XePK5XCQwA$8mKN7GnjdDIVLTkusy/x8nByWqZXK0i0du7sDZNq1fk
Password verification successful for youssef
WebSocket auth OK for user: youssef
Attempting login for user: youssef
User youssef found. Stored hash: $argon2id$v=19$m=19456,t=2,p=1$3yT8frrR4Az+XePK5XCQwA$8mKN7GnjdDIVLTkusy/x8nByWqZXK0i0du7sDZNq1fk
Password verification successful for youssef
WebSocket auth OK for user: youssef
Attempting login for user: youssef
User youssef found. Stored hash: $argon2id$v=19$m=19456,t=2,p=1$3yT8frrR4Az+XePK5XCQwA$8mKN7GnjdDIVLTkusy/x8nByWqZXK0i0du7sDZNq1fk
Password verification successful for youssef
WebSocket auth OK for user: youssef
Attempting login for user: youssef
User youssef found. Stored hash: $argon2id$v=19$m=19456,t=2,p=1$3yT8frrR4Az+XePK5XCQwA$8mKN7GnjdDIVLTkusy/x8nByWqZXK0i0du7sDZNq1fk
Password verification successful for youssef
WebSocket auth OK for user: youssef
Attempting login for user: youssef
User youssef found. Stored hash: $argon2id$v=19$m=19456,t=2,p=1$3yT8frrR4Az+XePK5XCQwA$8mKN7GnjdDIVLTkusy/x8nByWqZXK0i0du7sDZNq1fk
Password verification successful for youssef
WebSocket auth OK for user: youssef
Attempting login for user: youssef
User youssef found. Stored hash: $argon2id$v=19$m=19456,t=2,p=1$3yT8frrR4Az+XePK5XCQwA$8mKN7GnjdDIVLTkusy/x8nByWqZXK0i0du7sDZNq1fk
Password verification successful for youssef
WebSocket auth OK for user: youssef
Attempting login for user: youssef
User youssef found. Stored hash: $argon2id$v=19$m=19456,t=2,p=1$3yT8frrR4Az+XePK5XCQwA$8mKN7GnjdDIVLTkusy/x8nByWqZXK0i0du7sDZNq1fk
Password verification successful for youssef
WebSocket auth OK for user: youssef
Attempting login for user: youssef
User youssef found. Stored hash: $argon2id$v=19$m=19456,t=2,p=1$3yT8frrR4Az+XePK5XCQwA$8mKN7GnjdDIVLTkusy/x8nByWqZXK0i0du7sDZNq1fk
Password verification successful for youssef
WebSocket auth OK for user: youssef
Attempting login for user: youssef
User youssef found. Stored hash: $argon2id$v=19$m=19456,t=2,p=1$3yT8frrR4Az+XePK5XCQwA$8mKN7GnjdDIVLTkusy/x8nByWqZXK0i0du7sDZNq1fk
Password verification successful for youssef
WebSocket auth OK for user: youssef
Attempting login for user: youssef
User youssef found. Stored hash: $argon2id$v=19$m=19456,t=2,p=1$3yT8frrR4Az+XePK5XCQwA$8mKN7GnjdDIVLTkusy/x8nByWqZXK0i0du7sDZNq1fk
Password verification successful for youssef
WebSocket auth OK for user: youssef
Attempting login for user: youssef
User youssef found. Stored hash: $argon2id$v=19$m=19456,t=2,p=1$3yT8frrR4Az+XePK5XCQwA$8mKN7GnjdDIVLTkusy/x8nByWqZXK0i0du7sDZNq1fk
Password verification successful for youssef
WebSocket auth OK for user: youssef
Registering user: youssef, Hashed Password: $argon2id$v=19$m=19456,t=2,p=1$fT+1ciwKJNXoCuRPpkXLgA$rDwvb4h1aRUzFHP6UAXUMzj89uIBRRibPnjnGiOoXoA
   >> No 409 catcher registered. Using Rocket default.
Warning: Received SIGTERM. Requesting shutdown.
